2021-09-10 10:01:43,695 INFO org.springframework.boot.StartupInfoLogger [restartedMain] Starting ShoppingCartJspApplication using Java 1.8.0_271 on DESKTOP-5SVAMIL with PID 4912 (D:\Kate\LessonsHillel\03\lesson08\shopping-cart-jsp\target\classes started by pc in D:\Kate\LessonsHillel\03\lesson08\shopping-cart-jsp)
2021-09-10 10:01:43,705 DEBUG org.springframework.boot.StartupInfoLogger [restartedMain] Running with Spring Boot v2.5.4, Spring v5.3.9
2021-09-10 10:01:43,706 INFO org.springframework.boot.SpringApplication [restartedMain] The following profiles are active: prod
2021-09-10 10:01:45,589 INFO org.apache.juli.logging.DirectJDKLog [restartedMain] Initializing ProtocolHandler ["http-nio-8080"]
2021-09-10 10:01:45,590 INFO org.apache.juli.logging.DirectJDKLog [restartedMain] Starting service [Tomcat]
2021-09-10 10:01:45,590 INFO org.apache.juli.logging.DirectJDKLog [restartedMain] Starting Servlet engine: [Apache Tomcat/9.0.52]
2021-09-10 10:01:45,920 INFO org.apache.juli.logging.DirectJDKLog [restartedMain] At least one JAR was scanned for TLDs yet contained no TLDs. Enable debug logging for this logger for a complete list of JARs that were scanned but no TLDs were found in them. Skipping unneeded JARs during scanning can improve startup time and JSP compilation time.
2021-09-10 10:01:45,928 INFO org.apache.juli.logging.DirectJDKLog [restartedMain] Initializing Spring embedded WebApplicationContext
2021-09-10 10:01:45,964 INFO com.zaxxer.hikari.HikariDataSource [restartedMain] HikariPool-1 - Starting...
2021-09-10 10:01:46,097 INFO com.zaxxer.hikari.HikariDataSource [restartedMain] HikariPool-1 - Start completed.
2021-09-10 10:01:46,451 INFO org.hibernate.jpa.internal.util.LogHelper [restartedMain] HHH000204: Processing PersistenceUnitInfo [name: default]
2021-09-10 10:01:46,528 INFO org.hibernate.Version [restartedMain] HHH000412: Hibernate ORM core version 5.4.32.Final
2021-09-10 10:01:46,726 INFO org.hibernate.annotations.common.reflection.java.JavaReflectionManager [restartedMain] HCANN000001: Hibernate Commons Annotations {5.1.2.Final}
2021-09-10 10:01:46,890 INFO org.hibernate.dialect.Dialect [restartedMain] HHH000400: Using dialect: org.hibernate.dialect.H2Dialect
2021-09-10 10:01:47,720 INFO org.hibernate.engine.transaction.jta.platform.internal.JtaPlatformInitiator [restartedMain] HHH000490: Using JtaPlatform implementation: [org.hibernate.engine.transaction.jta.platform.internal.NoJtaPlatform]
2021-09-10 10:01:48,659 INFO org.apache.juli.logging.DirectJDKLog [restartedMain] Starting ProtocolHandler ["http-nio-8080"]
2021-09-10 10:01:48,695 INFO org.springframework.boot.StartupInfoLogger [restartedMain] Started ShoppingCartJspApplication in 5.875 seconds (JVM running for 7.337)
2021-09-10 10:01:51,177 INFO org.apache.juli.logging.DirectJDKLog [http-nio-8080-exec-1] Initializing Spring DispatcherServlet 'dispatcherServlet'
2021-09-10 10:03:25,403 INFO org.springframework.boot.StartupInfoLogger [restartedMain] Starting ShoppingCartJspApplication using Java 1.8.0_271 on DESKTOP-5SVAMIL with PID 16624 (D:\Kate\LessonsHillel\03\lesson08\shopping-cart-jsp\target\classes started by pc in D:\Kate\LessonsHillel\03\lesson08\shopping-cart-jsp)
2021-09-10 10:03:25,408 DEBUG org.springframework.boot.StartupInfoLogger [restartedMain] Running with Spring Boot v2.5.4, Spring v5.3.9
2021-09-10 10:03:25,409 INFO org.springframework.boot.SpringApplication [restartedMain] The following profiles are active: prod
2021-09-10 10:03:26,940 INFO org.apache.juli.logging.DirectJDKLog [restartedMain] Initializing ProtocolHandler ["http-nio-8080"]
2021-09-10 10:03:26,941 INFO org.apache.juli.logging.DirectJDKLog [restartedMain] Starting service [Tomcat]
2021-09-10 10:03:26,941 INFO org.apache.juli.logging.DirectJDKLog [restartedMain] Starting Servlet engine: [Apache Tomcat/9.0.52]
2021-09-10 10:03:27,237 INFO org.apache.juli.logging.DirectJDKLog [restartedMain] At least one JAR was scanned for TLDs yet contained no TLDs. Enable debug logging for this logger for a complete list of JARs that were scanned but no TLDs were found in them. Skipping unneeded JARs during scanning can improve startup time and JSP compilation time.
2021-09-10 10:03:27,244 INFO org.apache.juli.logging.DirectJDKLog [restartedMain] Initializing Spring embedded WebApplicationContext
2021-09-10 10:03:27,275 INFO com.zaxxer.hikari.HikariDataSource [restartedMain] HikariPool-1 - Starting...
2021-09-10 10:03:27,359 INFO com.zaxxer.hikari.HikariDataSource [restartedMain] HikariPool-1 - Start completed.
2021-09-10 10:03:27,604 INFO org.hibernate.jpa.internal.util.LogHelper [restartedMain] HHH000204: Processing PersistenceUnitInfo [name: default]
2021-09-10 10:03:27,652 INFO org.hibernate.Version [restartedMain] HHH000412: Hibernate ORM core version 5.4.32.Final
2021-09-10 10:03:27,755 INFO org.hibernate.annotations.common.reflection.java.JavaReflectionManager [restartedMain] HCANN000001: Hibernate Commons Annotations {5.1.2.Final}
2021-09-10 10:03:27,851 INFO org.hibernate.dialect.Dialect [restartedMain] HHH000400: Using dialect: org.hibernate.dialect.H2Dialect
2021-09-10 10:03:28,414 INFO org.hibernate.engine.transaction.jta.platform.internal.JtaPlatformInitiator [restartedMain] HHH000490: Using JtaPlatform implementation: [org.hibernate.engine.transaction.jta.platform.internal.NoJtaPlatform]
2021-09-10 10:03:29,018 INFO org.apache.juli.logging.DirectJDKLog [restartedMain] Starting ProtocolHandler ["http-nio-8080"]
2021-09-10 10:03:29,070 INFO org.springframework.boot.StartupInfoLogger [restartedMain] Started ShoppingCartJspApplication in 4.486 seconds (JVM running for 5.878)
2021-09-10 10:03:37,015 INFO org.apache.juli.logging.DirectJDKLog [http-nio-8080-exec-1] Initializing Spring DispatcherServlet 'dispatcherServlet'
2021-09-10 10:04:12,043 INFO org.springframework.boot.StartupInfoLogger [restartedMain] Starting ShoppingCartJspApplication using Java 1.8.0_271 on DESKTOP-5SVAMIL with PID 14964 (D:\Kate\LessonsHillel\03\lesson08\shopping-cart-jsp\target\classes started by pc in D:\Kate\LessonsHillel\03\lesson08\shopping-cart-jsp)
2021-09-10 10:04:12,050 DEBUG org.springframework.boot.StartupInfoLogger [restartedMain] Running with Spring Boot v2.5.4, Spring v5.3.9
2021-09-10 10:04:12,051 INFO org.springframework.boot.SpringApplication [restartedMain] The following profiles are active: prod
2021-09-10 10:04:15,111 INFO org.apache.juli.logging.DirectJDKLog [restartedMain] Initializing ProtocolHandler ["http-nio-8080"]
2021-09-10 10:04:15,112 INFO org.apache.juli.logging.DirectJDKLog [restartedMain] Starting service [Tomcat]
2021-09-10 10:04:15,113 INFO org.apache.juli.logging.DirectJDKLog [restartedMain] Starting Servlet engine: [Apache Tomcat/9.0.52]
2021-09-10 10:04:15,790 INFO org.apache.juli.logging.DirectJDKLog [restartedMain] At least one JAR was scanned for TLDs yet contained no TLDs. Enable debug logging for this logger for a complete list of JARs that were scanned but no TLDs were found in them. Skipping unneeded JARs during scanning can improve startup time and JSP compilation time.
2021-09-10 10:04:15,802 INFO org.apache.juli.logging.DirectJDKLog [restartedMain] Initializing Spring embedded WebApplicationContext
2021-09-10 10:04:15,862 INFO com.zaxxer.hikari.HikariDataSource [restartedMain] HikariPool-1 - Starting...
2021-09-10 10:04:16,106 INFO com.zaxxer.hikari.HikariDataSource [restartedMain] HikariPool-1 - Start completed.
2021-09-10 10:04:16,473 INFO org.hibernate.jpa.internal.util.LogHelper [restartedMain] HHH000204: Processing PersistenceUnitInfo [name: default]
2021-09-10 10:04:16,563 INFO org.hibernate.Version [restartedMain] HHH000412: Hibernate ORM core version 5.4.32.Final
2021-09-10 10:04:16,796 INFO org.hibernate.annotations.common.reflection.java.JavaReflectionManager [restartedMain] HCANN000001: Hibernate Commons Annotations {5.1.2.Final}
2021-09-10 10:04:16,975 INFO org.hibernate.dialect.Dialect [restartedMain] HHH000400: Using dialect: org.hibernate.dialect.H2Dialect
2021-09-10 10:04:17,985 INFO org.hibernate.engine.transaction.jta.platform.internal.JtaPlatformInitiator [restartedMain] HHH000490: Using JtaPlatform implementation: [org.hibernate.engine.transaction.jta.platform.internal.NoJtaPlatform]
2021-09-10 10:04:18,877 INFO org.apache.juli.logging.DirectJDKLog [restartedMain] Starting ProtocolHandler ["http-nio-8080"]
2021-09-10 10:04:18,955 INFO org.springframework.boot.StartupInfoLogger [restartedMain] Started ShoppingCartJspApplication in 9.149 seconds (JVM running for 11.35)
2021-09-10 10:18:23,645 INFO org.springframework.boot.StartupInfoLogger [restartedMain] Starting ShoppingCartJspApplication using Java 1.8.0_271 on DESKTOP-5SVAMIL with PID 1228 (D:\Kate\LessonsHillel\03\lesson08\shopping-cart-jsp\target\classes started by pc in D:\Kate\LessonsHillel\03\lesson08\shopping-cart-jsp)
2021-09-10 10:18:23,649 DEBUG org.springframework.boot.StartupInfoLogger [restartedMain] Running with Spring Boot v2.5.4, Spring v5.3.9
2021-09-10 10:18:23,650 INFO org.springframework.boot.SpringApplication [restartedMain] The following profiles are active: prod
2021-09-10 10:18:25,500 INFO org.apache.juli.logging.DirectJDKLog [restartedMain] Initializing ProtocolHandler ["http-nio-8080"]
2021-09-10 10:18:25,501 INFO org.apache.juli.logging.DirectJDKLog [restartedMain] Starting service [Tomcat]
2021-09-10 10:18:25,501 INFO org.apache.juli.logging.DirectJDKLog [restartedMain] Starting Servlet engine: [Apache Tomcat/9.0.52]
2021-09-10 10:18:25,838 INFO org.apache.juli.logging.DirectJDKLog [restartedMain] At least one JAR was scanned for TLDs yet contained no TLDs. Enable debug logging for this logger for a complete list of JARs that were scanned but no TLDs were found in them. Skipping unneeded JARs during scanning can improve startup time and JSP compilation time.
2021-09-10 10:18:25,847 INFO org.apache.juli.logging.DirectJDKLog [restartedMain] Initializing Spring embedded WebApplicationContext
2021-09-10 10:18:25,885 INFO com.zaxxer.hikari.HikariDataSource [restartedMain] HikariPool-1 - Starting...
2021-09-10 10:18:26,036 INFO com.zaxxer.hikari.HikariDataSource [restartedMain] HikariPool-1 - Start completed.
2021-09-10 10:18:26,319 INFO org.hibernate.jpa.internal.util.LogHelper [restartedMain] HHH000204: Processing PersistenceUnitInfo [name: default]
2021-09-10 10:18:26,379 INFO org.hibernate.Version [restartedMain] HHH000412: Hibernate ORM core version 5.4.32.Final
2021-09-10 10:18:26,527 INFO org.hibernate.annotations.common.reflection.java.JavaReflectionManager [restartedMain] HCANN000001: Hibernate Commons Annotations {5.1.2.Final}
2021-09-10 10:18:26,648 INFO org.hibernate.dialect.Dialect [restartedMain] HHH000400: Using dialect: org.hibernate.dialect.H2Dialect
2021-09-10 10:18:27,427 INFO org.hibernate.engine.transaction.jta.platform.internal.JtaPlatformInitiator [restartedMain] HHH000490: Using JtaPlatform implementation: [org.hibernate.engine.transaction.jta.platform.internal.NoJtaPlatform]
2021-09-10 10:18:28,154 INFO org.apache.juli.logging.DirectJDKLog [restartedMain] Starting ProtocolHandler ["http-nio-8080"]
2021-09-10 10:18:28,183 INFO org.springframework.boot.StartupInfoLogger [restartedMain] Started ShoppingCartJspApplication in 5.164 seconds (JVM running for 6.483)
2021-09-10 10:18:37,009 INFO org.apache.juli.logging.DirectJDKLog [http-nio-8080-exec-3] Initializing Spring DispatcherServlet 'dispatcherServlet'
