2021-09-01 19:24:20,545 INFO org.springframework.boot.StartupInfoLogger [restartedMain] Starting ShoppingCartJspApplication using Java 1.8.0_271 on DESKTOP-5SVAMIL with PID 14264 (D:\Kate\LessonsHillel\03\lesson08\shopping-cart-jsp\target\classes started by pc in D:\Kate\LessonsHillel\03\lesson08\shopping-cart-jsp)
2021-09-01 19:24:20,550 INFO org.springframework.boot.SpringApplication [restartedMain] No active profile set, falling back to default profiles: default
2021-09-01 19:24:20,613 INFO org.springframework.boot.logging.DeferredLog [restartedMain] Devtools property defaults active! Set 'spring.devtools.add-properties' to 'false' to disable
2021-09-01 19:24:20,613 INFO org.springframework.boot.logging.DeferredLog [restartedMain] For additional web related logging consider setting the 'logging.level.web' property to 'DEBUG'
2021-09-01 19:24:21,281 INFO org.springframework.data.repository.config.RepositoryConfigurationDelegate [restartedMain] Bootstrapping Spring Data JPA repositories in DEFAULT mode.
2021-09-01 19:24:21,335 INFO org.springframework.data.repository.config.RepositoryConfigurationDelegate [restartedMain] Finished Spring Data repository scanning in 46 ms. Found 3 JPA repository interfaces.
2021-09-01 19:24:21,880 INFO org.springframework.boot.web.embedded.tomcat.TomcatWebServer [restartedMain] Tomcat initialized with port(s): 8080 (http)
2021-09-01 19:24:21,890 INFO org.apache.juli.logging.DirectJDKLog [restartedMain] Initializing ProtocolHandler ["http-nio-8080"]
2021-09-01 19:24:21,891 INFO org.apache.juli.logging.DirectJDKLog [restartedMain] Starting service [Tomcat]
2021-09-01 19:24:21,891 INFO org.apache.juli.logging.DirectJDKLog [restartedMain] Starting Servlet engine: [Apache Tomcat/9.0.52]
2021-09-01 19:24:22,189 INFO org.apache.juli.logging.DirectJDKLog [restartedMain] At least one JAR was scanned for TLDs yet contained no TLDs. Enable debug logging for this logger for a complete list of JARs that were scanned but no TLDs were found in them. Skipping unneeded JARs during scanning can improve startup time and JSP compilation time.
2021-09-01 19:24:22,196 INFO org.apache.juli.logging.DirectJDKLog [restartedMain] Initializing Spring embedded WebApplicationContext
2021-09-01 19:24:22,197 INFO org.springframework.boot.web.servlet.context.ServletWebServerApplicationContext [restartedMain] Root WebApplicationContext: initialization completed in 1583 ms
2021-09-01 19:24:22,225 INFO com.zaxxer.hikari.HikariDataSource [restartedMain] HikariPool-1 - Starting...
2021-09-01 19:24:22,325 INFO com.zaxxer.hikari.HikariDataSource [restartedMain] HikariPool-1 - Start completed.
2021-09-01 19:24:22,330 INFO org.springframework.boot.autoconfigure.h2.H2ConsoleAutoConfiguration [restartedMain] H2 console available at '/h2-console'. Database available at 'jdbc:h2:mem:testdb'
2021-09-01 19:24:22,558 INFO org.hibernate.jpa.internal.util.LogHelper [restartedMain] HHH000204: Processing PersistenceUnitInfo [name: default]
2021-09-01 19:24:22,610 INFO org.hibernate.Version [restartedMain] HHH000412: Hibernate ORM core version 5.4.32.Final
2021-09-01 19:24:22,734 INFO org.hibernate.annotations.common.reflection.java.JavaReflectionManager [restartedMain] HCANN000001: Hibernate Commons Annotations {5.1.2.Final}
2021-09-01 19:24:22,852 INFO org.hibernate.dialect.Dialect [restartedMain] HHH000400: Using dialect: org.hibernate.dialect.H2Dialect
2021-09-01 19:24:23,431 INFO org.hibernate.engine.transaction.jta.platform.internal.JtaPlatformInitiator [restartedMain] HHH000490: Using JtaPlatform implementation: [org.hibernate.engine.transaction.jta.platform.internal.NoJtaPlatform]
2021-09-01 19:24:23,439 INFO org.springframework.orm.jpa.AbstractEntityManagerFactoryBean [restartedMain] Initialized JPA EntityManagerFactory for persistence unit 'default'
2021-09-01 19:24:23,742 WARN org.springframework.boot.autoconfigure.orm.jpa.JpaBaseConfiguration$JpaWebConfiguration [restartedMain] spring.jpa.open-in-view is enabled by default. Therefore, database queries may be performed during view rendering. Explicitly configure spring.jpa.open-in-view to disable this warning
2021-09-01 19:24:24,030 INFO org.springframework.boot.devtools.autoconfigure.OptionalLiveReloadServer [restartedMain] LiveReload server is running on port 35729
2021-09-01 19:24:24,046 INFO org.apache.juli.logging.DirectJDKLog [restartedMain] Starting ProtocolHandler ["http-nio-8080"]
2021-09-01 19:24:24,067 INFO org.springframework.boot.web.embedded.tomcat.TomcatWebServer [restartedMain] Tomcat started on port(s): 8080 (http) with context path ''
2021-09-01 19:24:24,078 INFO org.springframework.boot.StartupInfoLogger [restartedMain] Started ShoppingCartJspApplication in 4.266 seconds (JVM running for 5.527)
2021-09-01 19:27:49,484 INFO org.springframework.boot.StartupInfoLogger [restartedMain] Starting ShoppingCartJspApplication using Java 1.8.0_271 on DESKTOP-5SVAMIL with PID 13808 (D:\Kate\LessonsHillel\03\lesson08\shopping-cart-jsp\target\classes started by pc in D:\Kate\LessonsHillel\03\lesson08\shopping-cart-jsp)
2021-09-01 19:27:49,488 INFO org.springframework.boot.SpringApplication [restartedMain] The following profiles are active: prod
2021-09-01 19:27:50,784 INFO org.apache.juli.logging.DirectJDKLog [restartedMain] Initializing ProtocolHandler ["http-nio-8080"]
2021-09-01 19:27:50,785 INFO org.apache.juli.logging.DirectJDKLog [restartedMain] Starting service [Tomcat]
2021-09-01 19:27:50,785 INFO org.apache.juli.logging.DirectJDKLog [restartedMain] Starting Servlet engine: [Apache Tomcat/9.0.52]
2021-09-01 19:27:51,092 INFO org.apache.juli.logging.DirectJDKLog [restartedMain] At least one JAR was scanned for TLDs yet contained no TLDs. Enable debug logging for this logger for a complete list of JARs that were scanned but no TLDs were found in them. Skipping unneeded JARs during scanning can improve startup time and JSP compilation time.
2021-09-01 19:27:51,099 INFO org.apache.juli.logging.DirectJDKLog [restartedMain] Initializing Spring embedded WebApplicationContext
2021-09-01 19:27:51,131 INFO com.zaxxer.hikari.HikariDataSource [restartedMain] HikariPool-1 - Starting...
2021-09-01 19:27:51,220 INFO com.zaxxer.hikari.HikariDataSource [restartedMain] HikariPool-1 - Start completed.
2021-09-01 19:27:51,447 INFO org.hibernate.jpa.internal.util.LogHelper [restartedMain] HHH000204: Processing PersistenceUnitInfo [name: default]
2021-09-01 19:27:51,482 INFO org.hibernate.Version [restartedMain] HHH000412: Hibernate ORM core version 5.4.32.Final
2021-09-01 19:27:51,578 INFO org.hibernate.annotations.common.reflection.java.JavaReflectionManager [restartedMain] HCANN000001: Hibernate Commons Annotations {5.1.2.Final}
2021-09-01 19:27:51,665 INFO org.hibernate.dialect.Dialect [restartedMain] HHH000400: Using dialect: org.hibernate.dialect.H2Dialect
2021-09-01 19:27:52,221 INFO org.hibernate.engine.transaction.jta.platform.internal.JtaPlatformInitiator [restartedMain] HHH000490: Using JtaPlatform implementation: [org.hibernate.engine.transaction.jta.platform.internal.NoJtaPlatform]
2021-09-01 19:27:52,898 INFO org.apache.juli.logging.DirectJDKLog [restartedMain] Starting ProtocolHandler ["http-nio-8080"]
2021-09-01 19:27:52,935 INFO org.springframework.boot.StartupInfoLogger [restartedMain] Started ShoppingCartJspApplication in 4.058 seconds (JVM running for 5.276)
2021-09-01 19:27:57,828 INFO org.springframework.boot.StartupInfoLogger [restartedMain] Starting ShoppingCartJspApplication using Java 1.8.0_271 on DESKTOP-5SVAMIL with PID 10160 (D:\Kate\LessonsHillel\03\lesson08\shopping-cart-jsp\target\classes started by pc in D:\Kate\LessonsHillel\03\lesson08\shopping-cart-jsp)
2021-09-01 19:27:57,832 INFO org.springframework.boot.SpringApplication [restartedMain] The following profiles are active: prod
2021-09-01 19:27:59,198 INFO org.apache.juli.logging.DirectJDKLog [restartedMain] Initializing ProtocolHandler ["http-nio-8080"]
2021-09-01 19:27:59,199 INFO org.apache.juli.logging.DirectJDKLog [restartedMain] Starting service [Tomcat]
2021-09-01 19:27:59,199 INFO org.apache.juli.logging.DirectJDKLog [restartedMain] Starting Servlet engine: [Apache Tomcat/9.0.52]
2021-09-01 19:27:59,485 INFO org.apache.juli.logging.DirectJDKLog [restartedMain] At least one JAR was scanned for TLDs yet contained no TLDs. Enable debug logging for this logger for a complete list of JARs that were scanned but no TLDs were found in them. Skipping unneeded JARs during scanning can improve startup time and JSP compilation time.
2021-09-01 19:27:59,491 INFO org.apache.juli.logging.DirectJDKLog [restartedMain] Initializing Spring embedded WebApplicationContext
2021-09-01 19:27:59,519 INFO com.zaxxer.hikari.HikariDataSource [restartedMain] HikariPool-1 - Starting...
2021-09-01 19:27:59,605 INFO com.zaxxer.hikari.HikariDataSource [restartedMain] HikariPool-1 - Start completed.
2021-09-01 19:27:59,842 INFO org.hibernate.jpa.internal.util.LogHelper [restartedMain] HHH000204: Processing PersistenceUnitInfo [name: default]
2021-09-01 19:27:59,877 INFO org.hibernate.Version [restartedMain] HHH000412: Hibernate ORM core version 5.4.32.Final
2021-09-01 19:27:59,970 INFO org.hibernate.annotations.common.reflection.java.JavaReflectionManager [restartedMain] HCANN000001: Hibernate Commons Annotations {5.1.2.Final}
2021-09-01 19:28:00,071 INFO org.hibernate.dialect.Dialect [restartedMain] HHH000400: Using dialect: org.hibernate.dialect.H2Dialect
2021-09-01 19:28:03,917 INFO org.springframework.boot.StartupInfoLogger [restartedMain] Starting ShoppingCartJspApplication using Java 1.8.0_271 on DESKTOP-5SVAMIL with PID 8628 (D:\Kate\LessonsHillel\03\lesson08\shopping-cart-jsp\target\classes started by pc in D:\Kate\LessonsHillel\03\lesson08\shopping-cart-jsp)
2021-09-01 19:28:03,922 INFO org.springframework.boot.SpringApplication [restartedMain] The following profiles are active: prod
2021-09-01 19:28:05,206 INFO org.apache.juli.logging.DirectJDKLog [restartedMain] Initializing ProtocolHandler ["http-nio-8080"]
2021-09-01 19:28:05,207 INFO org.apache.juli.logging.DirectJDKLog [restartedMain] Starting service [Tomcat]
2021-09-01 19:28:05,207 INFO org.apache.juli.logging.DirectJDKLog [restartedMain] Starting Servlet engine: [Apache Tomcat/9.0.52]
2021-09-01 19:28:05,513 INFO org.apache.juli.logging.DirectJDKLog [restartedMain] At least one JAR was scanned for TLDs yet contained no TLDs. Enable debug logging for this logger for a complete list of JARs that were scanned but no TLDs were found in them. Skipping unneeded JARs during scanning can improve startup time and JSP compilation time.
2021-09-01 19:28:05,520 INFO org.apache.juli.logging.DirectJDKLog [restartedMain] Initializing Spring embedded WebApplicationContext
2021-09-01 19:28:05,555 INFO com.zaxxer.hikari.HikariDataSource [restartedMain] HikariPool-1 - Starting...
2021-09-01 19:28:05,660 INFO com.zaxxer.hikari.HikariDataSource [restartedMain] HikariPool-1 - Start completed.
2021-09-01 19:28:05,876 INFO org.hibernate.jpa.internal.util.LogHelper [restartedMain] HHH000204: Processing PersistenceUnitInfo [name: default]
2021-09-01 19:28:05,911 INFO org.hibernate.Version [restartedMain] HHH000412: Hibernate ORM core version 5.4.32.Final
2021-09-01 19:28:06,010 INFO org.hibernate.annotations.common.reflection.java.JavaReflectionManager [restartedMain] HCANN000001: Hibernate Commons Annotations {5.1.2.Final}
2021-09-01 19:28:06,098 INFO org.hibernate.dialect.Dialect [restartedMain] HHH000400: Using dialect: org.hibernate.dialect.H2Dialect
2021-09-01 19:28:06,604 INFO org.hibernate.engine.transaction.jta.platform.internal.JtaPlatformInitiator [restartedMain] HHH000490: Using JtaPlatform implementation: [org.hibernate.engine.transaction.jta.platform.internal.NoJtaPlatform]
2021-09-01 19:28:07,217 INFO org.apache.juli.logging.DirectJDKLog [restartedMain] Starting ProtocolHandler ["http-nio-8080"]
2021-09-01 19:28:07,245 INFO org.springframework.boot.StartupInfoLogger [restartedMain] Started ShoppingCartJspApplication in 3.941 seconds (JVM running for 5.178)
2021-09-01 19:29:08,584 INFO org.springframework.boot.StartupInfoLogger [restartedMain] Starting ShoppingCartJspApplication using Java 1.8.0_271 on DESKTOP-5SVAMIL with PID 11188 (D:\Kate\LessonsHillel\03\lesson08\shopping-cart-jsp\target\classes started by pc in D:\Kate\LessonsHillel\03\lesson08\shopping-cart-jsp)
2021-09-01 19:29:08,589 INFO org.springframework.boot.SpringApplication [restartedMain] The following profiles are active: prod
2021-09-01 19:29:09,928 INFO org.apache.juli.logging.DirectJDKLog [restartedMain] Initializing ProtocolHandler ["http-nio-8080"]
2021-09-01 19:29:09,929 INFO org.apache.juli.logging.DirectJDKLog [restartedMain] Starting service [Tomcat]
2021-09-01 19:29:09,929 INFO org.apache.juli.logging.DirectJDKLog [restartedMain] Starting Servlet engine: [Apache Tomcat/9.0.52]
2021-09-01 19:29:10,215 INFO org.apache.juli.logging.DirectJDKLog [restartedMain] At least one JAR was scanned for TLDs yet contained no TLDs. Enable debug logging for this logger for a complete list of JARs that were scanned but no TLDs were found in them. Skipping unneeded JARs during scanning can improve startup time and JSP compilation time.
2021-09-01 19:29:10,220 INFO org.apache.juli.logging.DirectJDKLog [restartedMain] Initializing Spring embedded WebApplicationContext
2021-09-01 19:29:10,248 INFO com.zaxxer.hikari.HikariDataSource [restartedMain] HikariPool-1 - Starting...
2021-09-01 19:29:10,329 INFO com.zaxxer.hikari.HikariDataSource [restartedMain] HikariPool-1 - Start completed.
2021-09-01 19:29:10,540 INFO org.hibernate.jpa.internal.util.LogHelper [restartedMain] HHH000204: Processing PersistenceUnitInfo [name: default]
2021-09-01 19:29:10,575 INFO org.hibernate.Version [restartedMain] HHH000412: Hibernate ORM core version 5.4.32.Final
2021-09-01 19:29:10,670 INFO org.hibernate.annotations.common.reflection.java.JavaReflectionManager [restartedMain] HCANN000001: Hibernate Commons Annotations {5.1.2.Final}
2021-09-01 19:29:10,752 INFO org.hibernate.dialect.Dialect [restartedMain] HHH000400: Using dialect: org.hibernate.dialect.H2Dialect
2021-09-01 19:29:11,292 INFO org.hibernate.engine.transaction.jta.platform.internal.JtaPlatformInitiator [restartedMain] HHH000490: Using JtaPlatform implementation: [org.hibernate.engine.transaction.jta.platform.internal.NoJtaPlatform]
2021-09-01 19:29:11,925 INFO org.apache.juli.logging.DirectJDKLog [restartedMain] Starting ProtocolHandler ["http-nio-8080"]
2021-09-01 19:29:11,955 INFO org.springframework.boot.StartupInfoLogger [restartedMain] Started ShoppingCartJspApplication in 4.051 seconds (JVM running for 5.324)
2021-09-01 19:29:23,272 INFO org.springframework.boot.StartupInfoLogger [restartedMain] Starting ShoppingCartJspApplication using Java 1.8.0_271 on DESKTOP-5SVAMIL with PID 9220 (D:\Kate\LessonsHillel\03\lesson08\shopping-cart-jsp\target\classes started by pc in D:\Kate\LessonsHillel\03\lesson08\shopping-cart-jsp)
2021-09-01 19:29:23,276 INFO org.springframework.boot.SpringApplication [restartedMain] The following profiles are active: prod
2021-09-01 19:29:24,629 INFO org.apache.juli.logging.DirectJDKLog [restartedMain] Initializing ProtocolHandler ["http-nio-8080"]
2021-09-01 19:29:24,630 INFO org.apache.juli.logging.DirectJDKLog [restartedMain] Starting service [Tomcat]
2021-09-01 19:29:24,630 INFO org.apache.juli.logging.DirectJDKLog [restartedMain] Starting Servlet engine: [Apache Tomcat/9.0.52]
2021-09-01 19:29:24,920 INFO org.apache.juli.logging.DirectJDKLog [restartedMain] At least one JAR was scanned for TLDs yet contained no TLDs. Enable debug logging for this logger for a complete list of JARs that were scanned but no TLDs were found in them. Skipping unneeded JARs during scanning can improve startup time and JSP compilation time.
2021-09-01 19:29:24,926 INFO org.apache.juli.logging.DirectJDKLog [restartedMain] Initializing Spring embedded WebApplicationContext
2021-09-01 19:29:24,954 INFO com.zaxxer.hikari.HikariDataSource [restartedMain] HikariPool-1 - Starting...
2021-09-01 19:29:25,034 INFO com.zaxxer.hikari.HikariDataSource [restartedMain] HikariPool-1 - Start completed.
2021-09-01 19:29:25,240 INFO org.hibernate.jpa.internal.util.LogHelper [restartedMain] HHH000204: Processing PersistenceUnitInfo [name: default]
2021-09-01 19:29:25,274 INFO org.hibernate.Version [restartedMain] HHH000412: Hibernate ORM core version 5.4.32.Final
2021-09-01 19:29:25,363 INFO org.hibernate.annotations.common.reflection.java.JavaReflectionManager [restartedMain] HCANN000001: Hibernate Commons Annotations {5.1.2.Final}
2021-09-01 19:29:25,441 INFO org.hibernate.dialect.Dialect [restartedMain] HHH000400: Using dialect: org.hibernate.dialect.H2Dialect
2021-09-01 19:29:25,954 INFO org.hibernate.engine.transaction.jta.platform.internal.JtaPlatformInitiator [restartedMain] HHH000490: Using JtaPlatform implementation: [org.hibernate.engine.transaction.jta.platform.internal.NoJtaPlatform]
2021-09-01 19:29:26,545 INFO org.apache.juli.logging.DirectJDKLog [restartedMain] Starting ProtocolHandler ["http-nio-8080"]
2021-09-01 19:29:26,575 INFO org.springframework.boot.StartupInfoLogger [restartedMain] Started ShoppingCartJspApplication in 3.934 seconds (JVM running for 5.129)
2021-09-01 19:31:17,765 INFO org.springframework.boot.StartupInfoLogger [restartedMain] Starting ShoppingCartJspApplication using Java 1.8.0_271 on DESKTOP-5SVAMIL with PID 12576 (D:\Kate\LessonsHillel\03\lesson08\shopping-cart-jsp\target\classes started by pc in D:\Kate\LessonsHillel\03\lesson08\shopping-cart-jsp)
2021-09-01 19:31:17,769 DEBUG org.springframework.boot.StartupInfoLogger [restartedMain] Running with Spring Boot v2.5.4, Spring v5.3.9
2021-09-01 19:31:17,770 INFO org.springframework.boot.SpringApplication [restartedMain] The following profiles are active: prod
2021-09-01 19:31:19,112 INFO org.apache.juli.logging.DirectJDKLog [restartedMain] Initializing ProtocolHandler ["http-nio-8080"]
2021-09-01 19:31:19,113 INFO org.apache.juli.logging.DirectJDKLog [restartedMain] Starting service [Tomcat]
2021-09-01 19:31:19,113 INFO org.apache.juli.logging.DirectJDKLog [restartedMain] Starting Servlet engine: [Apache Tomcat/9.0.52]
2021-09-01 19:31:19,464 INFO org.apache.juli.logging.DirectJDKLog [restartedMain] At least one JAR was scanned for TLDs yet contained no TLDs. Enable debug logging for this logger for a complete list of JARs that were scanned but no TLDs were found in them. Skipping unneeded JARs during scanning can improve startup time and JSP compilation time.
2021-09-01 19:31:19,470 INFO org.apache.juli.logging.DirectJDKLog [restartedMain] Initializing Spring embedded WebApplicationContext
2021-09-01 19:31:19,501 INFO com.zaxxer.hikari.HikariDataSource [restartedMain] HikariPool-1 - Starting...
2021-09-01 19:31:19,585 INFO com.zaxxer.hikari.HikariDataSource [restartedMain] HikariPool-1 - Start completed.
2021-09-01 19:31:19,798 INFO org.hibernate.jpa.internal.util.LogHelper [restartedMain] HHH000204: Processing PersistenceUnitInfo [name: default]
2021-09-01 19:31:19,833 INFO org.hibernate.Version [restartedMain] HHH000412: Hibernate ORM core version 5.4.32.Final
2021-09-01 19:31:19,921 INFO org.hibernate.annotations.common.reflection.java.JavaReflectionManager [restartedMain] HCANN000001: Hibernate Commons Annotations {5.1.2.Final}
2021-09-01 19:31:20,003 INFO org.hibernate.dialect.Dialect [restartedMain] HHH000400: Using dialect: org.hibernate.dialect.H2Dialect
2021-09-01 19:31:20,557 INFO org.hibernate.engine.transaction.jta.platform.internal.JtaPlatformInitiator [restartedMain] HHH000490: Using JtaPlatform implementation: [org.hibernate.engine.transaction.jta.platform.internal.NoJtaPlatform]
2021-09-01 19:31:21,177 INFO org.apache.juli.logging.DirectJDKLog [restartedMain] Starting ProtocolHandler ["http-nio-8080"]
2021-09-01 19:31:21,210 INFO org.springframework.boot.StartupInfoLogger [restartedMain] Started ShoppingCartJspApplication in 4.071 seconds (JVM running for 5.28)
2021-09-01 20:38:36,180 INFO org.springframework.boot.StartupInfoLogger [restartedMain] Starting ShoppingCartJspApplication using Java 1.8.0_271 on DESKTOP-5SVAMIL with PID 1560 (D:\Kate\LessonsHillel\03\lesson08\shopping-cart-jsp\target\classes started by pc in D:\Kate\LessonsHillel\03\lesson08\shopping-cart-jsp)
2021-09-01 20:38:36,185 DEBUG org.springframework.boot.StartupInfoLogger [restartedMain] Running with Spring Boot v2.5.4, Spring v5.3.9
2021-09-01 20:38:36,185 INFO org.springframework.boot.SpringApplication [restartedMain] The following profiles are active: prod
2021-09-01 20:38:38,457 INFO org.apache.juli.logging.DirectJDKLog [restartedMain] Initializing ProtocolHandler ["http-nio-8080"]
2021-09-01 20:38:38,458 INFO org.apache.juli.logging.DirectJDKLog [restartedMain] Starting service [Tomcat]
2021-09-01 20:38:38,458 INFO org.apache.juli.logging.DirectJDKLog [restartedMain] Starting Servlet engine: [Apache Tomcat/9.0.52]
2021-09-01 20:38:38,814 INFO org.apache.juli.logging.DirectJDKLog [restartedMain] At least one JAR was scanned for TLDs yet contained no TLDs. Enable debug logging for this logger for a complete list of JARs that were scanned but no TLDs were found in them. Skipping unneeded JARs during scanning can improve startup time and JSP compilation time.
2021-09-01 20:38:38,823 INFO org.apache.juli.logging.DirectJDKLog [restartedMain] Initializing Spring embedded WebApplicationContext
2021-09-01 20:38:38,862 INFO com.zaxxer.hikari.HikariDataSource [restartedMain] HikariPool-1 - Starting...
2021-09-01 20:38:39,040 INFO com.zaxxer.hikari.HikariDataSource [restartedMain] HikariPool-1 - Start completed.
2021-09-01 20:38:39,276 INFO org.hibernate.jpa.internal.util.LogHelper [restartedMain] HHH000204: Processing PersistenceUnitInfo [name: default]
2021-09-01 20:38:39,325 INFO org.hibernate.Version [restartedMain] HHH000412: Hibernate ORM core version 5.4.32.Final
2021-09-01 20:38:39,488 INFO org.hibernate.annotations.common.reflection.java.JavaReflectionManager [restartedMain] HCANN000001: Hibernate Commons Annotations {5.1.2.Final}
2021-09-01 20:38:39,627 INFO org.hibernate.dialect.Dialect [restartedMain] HHH000400: Using dialect: org.hibernate.dialect.H2Dialect
2021-09-01 20:38:40,421 INFO org.hibernate.engine.transaction.jta.platform.internal.JtaPlatformInitiator [restartedMain] HHH000490: Using JtaPlatform implementation: [org.hibernate.engine.transaction.jta.platform.internal.NoJtaPlatform]
2021-09-01 20:38:41,259 INFO org.apache.juli.logging.DirectJDKLog [restartedMain] Starting ProtocolHandler ["http-nio-8080"]
2021-09-01 20:38:41,293 INFO org.springframework.boot.StartupInfoLogger [restartedMain] Started ShoppingCartJspApplication in 5.865 seconds (JVM running for 7.443)
