2021-09-08 22:58:01,083 INFO org.springframework.boot.StartupInfoLogger [restartedMain] Starting ShoppingCartJspApplication using Java 1.8.0_271 on DESKTOP-5SVAMIL with PID 1320 (D:\Kate\LessonsHillel\03\lesson08\shopping-cart-jsp\target\classes started by pc in D:\Kate\LessonsHillel\03\lesson08\shopping-cart-jsp)
2021-09-08 22:58:01,088 DEBUG org.springframework.boot.StartupInfoLogger [restartedMain] Running with Spring Boot v2.5.4, Spring v5.3.9
2021-09-08 22:58:01,088 INFO org.springframework.boot.SpringApplication [restartedMain] The following profiles are active: prod
2021-09-08 22:58:02,624 INFO org.apache.juli.logging.DirectJDKLog [restartedMain] Initializing ProtocolHandler ["http-nio-8080"]
2021-09-08 22:58:02,625 INFO org.apache.juli.logging.DirectJDKLog [restartedMain] Starting service [Tomcat]
2021-09-08 22:58:02,625 INFO org.apache.juli.logging.DirectJDKLog [restartedMain] Starting Servlet engine: [Apache Tomcat/9.0.52]
2021-09-08 22:58:02,935 INFO org.apache.juli.logging.DirectJDKLog [restartedMain] At least one JAR was scanned for TLDs yet contained no TLDs. Enable debug logging for this logger for a complete list of JARs that were scanned but no TLDs were found in them. Skipping unneeded JARs during scanning can improve startup time and JSP compilation time.
2021-09-08 22:58:02,943 INFO org.apache.juli.logging.DirectJDKLog [restartedMain] Initializing Spring embedded WebApplicationContext
2021-09-08 22:58:02,983 INFO com.zaxxer.hikari.HikariDataSource [restartedMain] HikariPool-1 - Starting...
2021-09-08 22:58:03,122 INFO com.zaxxer.hikari.HikariDataSource [restartedMain] HikariPool-1 - Start completed.
2021-09-08 22:58:03,398 INFO org.hibernate.jpa.internal.util.LogHelper [restartedMain] HHH000204: Processing PersistenceUnitInfo [name: default]
2021-09-08 22:58:03,451 INFO org.hibernate.Version [restartedMain] HHH000412: Hibernate ORM core version 5.4.32.Final
2021-09-08 22:58:03,580 INFO org.hibernate.annotations.common.reflection.java.JavaReflectionManager [restartedMain] HCANN000001: Hibernate Commons Annotations {5.1.2.Final}
2021-09-08 22:58:03,706 INFO org.hibernate.dialect.Dialect [restartedMain] HHH000400: Using dialect: org.hibernate.dialect.H2Dialect
2021-09-08 22:58:04,520 INFO org.hibernate.engine.transaction.jta.platform.internal.JtaPlatformInitiator [restartedMain] HHH000490: Using JtaPlatform implementation: [org.hibernate.engine.transaction.jta.platform.internal.NoJtaPlatform]
2021-09-08 22:58:05,168 INFO org.apache.juli.logging.DirectJDKLog [restartedMain] Starting ProtocolHandler ["http-nio-8080"]
2021-09-08 22:58:05,226 INFO org.springframework.boot.StartupInfoLogger [restartedMain] Started ShoppingCartJspApplication in 5.024 seconds (JVM running for 6.892)
2021-09-08 22:58:26,664 INFO org.apache.juli.logging.DirectJDKLog [http-nio-8080-exec-1] Initializing Spring DispatcherServlet 'dispatcherServlet'
2021-09-08 23:00:48,220 INFO org.springframework.boot.StartupInfoLogger [restartedMain] Starting ShoppingCartJspApplication using Java 1.8.0_271 on DESKTOP-5SVAMIL with PID 11716 (D:\Kate\LessonsHillel\03\lesson08\shopping-cart-jsp\target\classes started by pc in D:\Kate\LessonsHillel\03\lesson08\shopping-cart-jsp)
2021-09-08 23:00:48,225 DEBUG org.springframework.boot.StartupInfoLogger [restartedMain] Running with Spring Boot v2.5.4, Spring v5.3.9
2021-09-08 23:00:48,226 INFO org.springframework.boot.SpringApplication [restartedMain] The following profiles are active: prod
2021-09-08 23:00:49,537 INFO org.apache.juli.logging.DirectJDKLog [restartedMain] Initializing ProtocolHandler ["http-nio-8080"]
2021-09-08 23:00:49,538 INFO org.apache.juli.logging.DirectJDKLog [restartedMain] Starting service [Tomcat]
2021-09-08 23:00:49,538 INFO org.apache.juli.logging.DirectJDKLog [restartedMain] Starting Servlet engine: [Apache Tomcat/9.0.52]
2021-09-08 23:00:49,829 INFO org.apache.juli.logging.DirectJDKLog [restartedMain] At least one JAR was scanned for TLDs yet contained no TLDs. Enable debug logging for this logger for a complete list of JARs that were scanned but no TLDs were found in them. Skipping unneeded JARs during scanning can improve startup time and JSP compilation time.
2021-09-08 23:00:49,835 INFO org.apache.juli.logging.DirectJDKLog [restartedMain] Initializing Spring embedded WebApplicationContext
2021-09-08 23:00:49,866 INFO com.zaxxer.hikari.HikariDataSource [restartedMain] HikariPool-1 - Starting...
2021-09-08 23:00:49,970 INFO com.zaxxer.hikari.HikariDataSource [restartedMain] HikariPool-1 - Start completed.
2021-09-08 23:00:50,195 INFO org.hibernate.jpa.internal.util.LogHelper [restartedMain] HHH000204: Processing PersistenceUnitInfo [name: default]
2021-09-08 23:00:50,242 INFO org.hibernate.Version [restartedMain] HHH000412: Hibernate ORM core version 5.4.32.Final
2021-09-08 23:00:50,376 INFO org.hibernate.annotations.common.reflection.java.JavaReflectionManager [restartedMain] HCANN000001: Hibernate Commons Annotations {5.1.2.Final}
2021-09-08 23:00:50,533 INFO org.hibernate.dialect.Dialect [restartedMain] HHH000400: Using dialect: org.hibernate.dialect.H2Dialect
2021-09-08 23:00:51,166 INFO org.hibernate.engine.transaction.jta.platform.internal.JtaPlatformInitiator [restartedMain] HHH000490: Using JtaPlatform implementation: [org.hibernate.engine.transaction.jta.platform.internal.NoJtaPlatform]
2021-09-08 23:00:51,813 INFO org.apache.juli.logging.DirectJDKLog [restartedMain] Starting ProtocolHandler ["http-nio-8080"]
2021-09-08 23:00:51,853 INFO org.springframework.boot.StartupInfoLogger [restartedMain] Started ShoppingCartJspApplication in 4.323 seconds (JVM running for 5.674)
2021-09-08 23:01:01,948 INFO org.apache.juli.logging.DirectJDKLog [http-nio-8080-exec-1] Initializing Spring DispatcherServlet 'dispatcherServlet'
2021-09-08 23:03:36,943 INFO org.springframework.boot.StartupInfoLogger [restartedMain] Starting ShoppingCartJspApplication using Java 1.8.0_271 on DESKTOP-5SVAMIL with PID 15036 (D:\Kate\LessonsHillel\03\lesson08\shopping-cart-jsp\target\classes started by pc in D:\Kate\LessonsHillel\03\lesson08\shopping-cart-jsp)
2021-09-08 23:03:36,946 DEBUG org.springframework.boot.StartupInfoLogger [restartedMain] Running with Spring Boot v2.5.4, Spring v5.3.9
2021-09-08 23:03:36,947 INFO org.springframework.boot.SpringApplication [restartedMain] The following profiles are active: prod
2021-09-08 23:03:38,328 INFO org.apache.juli.logging.DirectJDKLog [restartedMain] Initializing ProtocolHandler ["http-nio-8080"]
2021-09-08 23:03:38,328 INFO org.apache.juli.logging.DirectJDKLog [restartedMain] Starting service [Tomcat]
2021-09-08 23:03:38,329 INFO org.apache.juli.logging.DirectJDKLog [restartedMain] Starting Servlet engine: [Apache Tomcat/9.0.52]
2021-09-08 23:03:38,627 INFO org.apache.juli.logging.DirectJDKLog [restartedMain] At least one JAR was scanned for TLDs yet contained no TLDs. Enable debug logging for this logger for a complete list of JARs that were scanned but no TLDs were found in them. Skipping unneeded JARs during scanning can improve startup time and JSP compilation time.
2021-09-08 23:03:38,634 INFO org.apache.juli.logging.DirectJDKLog [restartedMain] Initializing Spring embedded WebApplicationContext
2021-09-08 23:03:38,664 INFO com.zaxxer.hikari.HikariDataSource [restartedMain] HikariPool-1 - Starting...
2021-09-08 23:03:38,754 INFO com.zaxxer.hikari.HikariDataSource [restartedMain] HikariPool-1 - Start completed.
2021-09-08 23:03:38,992 INFO org.hibernate.jpa.internal.util.LogHelper [restartedMain] HHH000204: Processing PersistenceUnitInfo [name: default]
2021-09-08 23:03:39,036 INFO org.hibernate.Version [restartedMain] HHH000412: Hibernate ORM core version 5.4.32.Final
2021-09-08 23:03:39,135 INFO org.hibernate.annotations.common.reflection.java.JavaReflectionManager [restartedMain] HCANN000001: Hibernate Commons Annotations {5.1.2.Final}
2021-09-08 23:03:39,262 INFO org.hibernate.dialect.Dialect [restartedMain] HHH000400: Using dialect: org.hibernate.dialect.H2Dialect
2021-09-08 23:03:39,883 INFO org.hibernate.engine.transaction.jta.platform.internal.JtaPlatformInitiator [restartedMain] HHH000490: Using JtaPlatform implementation: [org.hibernate.engine.transaction.jta.platform.internal.NoJtaPlatform]
2021-09-08 23:03:40,558 INFO org.apache.juli.logging.DirectJDKLog [restartedMain] Starting ProtocolHandler ["http-nio-8080"]
2021-09-08 23:03:40,590 INFO org.springframework.boot.StartupInfoLogger [restartedMain] Started ShoppingCartJspApplication in 4.279 seconds (JVM running for 5.497)
2021-09-08 23:03:43,920 INFO org.apache.juli.logging.DirectJDKLog [http-nio-8080-exec-1] Initializing Spring DispatcherServlet 'dispatcherServlet'
2021-09-08 23:05:17,351 INFO org.springframework.boot.StartupInfoLogger [restartedMain] Starting ShoppingCartJspApplication using Java 1.8.0_271 on DESKTOP-5SVAMIL with PID 19328 (D:\Kate\LessonsHillel\03\lesson08\shopping-cart-jsp\target\classes started by pc in D:\Kate\LessonsHillel\03\lesson08\shopping-cart-jsp)
2021-09-08 23:05:17,355 DEBUG org.springframework.boot.StartupInfoLogger [restartedMain] Running with Spring Boot v2.5.4, Spring v5.3.9
2021-09-08 23:05:17,355 INFO org.springframework.boot.SpringApplication [restartedMain] The following profiles are active: prod
2021-09-08 23:05:18,667 INFO org.apache.juli.logging.DirectJDKLog [restartedMain] Initializing ProtocolHandler ["http-nio-8080"]
2021-09-08 23:05:18,667 INFO org.apache.juli.logging.DirectJDKLog [restartedMain] Starting service [Tomcat]
2021-09-08 23:05:18,668 INFO org.apache.juli.logging.DirectJDKLog [restartedMain] Starting Servlet engine: [Apache Tomcat/9.0.52]
2021-09-08 23:05:18,942 INFO org.apache.juli.logging.DirectJDKLog [restartedMain] At least one JAR was scanned for TLDs yet contained no TLDs. Enable debug logging for this logger for a complete list of JARs that were scanned but no TLDs were found in them. Skipping unneeded JARs during scanning can improve startup time and JSP compilation time.
2021-09-08 23:05:18,948 INFO org.apache.juli.logging.DirectJDKLog [restartedMain] Initializing Spring embedded WebApplicationContext
2021-09-08 23:05:18,978 INFO com.zaxxer.hikari.HikariDataSource [restartedMain] HikariPool-1 - Starting...
2021-09-08 23:05:19,071 INFO com.zaxxer.hikari.HikariDataSource [restartedMain] HikariPool-1 - Start completed.
2021-09-08 23:05:19,291 INFO org.hibernate.jpa.internal.util.LogHelper [restartedMain] HHH000204: Processing PersistenceUnitInfo [name: default]
2021-09-08 23:05:19,328 INFO org.hibernate.Version [restartedMain] HHH000412: Hibernate ORM core version 5.4.32.Final
2021-09-08 23:05:19,421 INFO org.hibernate.annotations.common.reflection.java.JavaReflectionManager [restartedMain] HCANN000001: Hibernate Commons Annotations {5.1.2.Final}
2021-09-08 23:05:19,513 INFO org.hibernate.dialect.Dialect [restartedMain] HHH000400: Using dialect: org.hibernate.dialect.H2Dialect
2021-09-08 23:05:20,047 INFO org.hibernate.engine.transaction.jta.platform.internal.JtaPlatformInitiator [restartedMain] HHH000490: Using JtaPlatform implementation: [org.hibernate.engine.transaction.jta.platform.internal.NoJtaPlatform]
2021-09-08 23:05:20,665 INFO org.apache.juli.logging.DirectJDKLog [restartedMain] Starting ProtocolHandler ["http-nio-8080"]
2021-09-08 23:05:20,694 INFO org.springframework.boot.StartupInfoLogger [restartedMain] Started ShoppingCartJspApplication in 3.971 seconds (JVM running for 5.211)
2021-09-08 23:05:28,136 INFO org.apache.juli.logging.DirectJDKLog [http-nio-8080-exec-1] Initializing Spring DispatcherServlet 'dispatcherServlet'
2021-09-08 23:05:47,587 INFO org.springframework.boot.StartupInfoLogger [restartedMain] Starting ShoppingCartJspApplication using Java 1.8.0_271 on DESKTOP-5SVAMIL with PID 10096 (D:\Kate\LessonsHillel\03\lesson08\shopping-cart-jsp\target\classes started by pc in D:\Kate\LessonsHillel\03\lesson08\shopping-cart-jsp)
2021-09-08 23:05:47,591 DEBUG org.springframework.boot.StartupInfoLogger [restartedMain] Running with Spring Boot v2.5.4, Spring v5.3.9
2021-09-08 23:05:47,591 INFO org.springframework.boot.SpringApplication [restartedMain] The following profiles are active: prod
2021-09-08 23:05:48,879 INFO org.apache.juli.logging.DirectJDKLog [restartedMain] Initializing ProtocolHandler ["http-nio-8080"]
2021-09-08 23:05:48,879 INFO org.apache.juli.logging.DirectJDKLog [restartedMain] Starting service [Tomcat]
2021-09-08 23:05:48,880 INFO org.apache.juli.logging.DirectJDKLog [restartedMain] Starting Servlet engine: [Apache Tomcat/9.0.52]
2021-09-08 23:05:49,170 INFO org.apache.juli.logging.DirectJDKLog [restartedMain] At least one JAR was scanned for TLDs yet contained no TLDs. Enable debug logging for this logger for a complete list of JARs that were scanned but no TLDs were found in them. Skipping unneeded JARs during scanning can improve startup time and JSP compilation time.
2021-09-08 23:05:49,177 INFO org.apache.juli.logging.DirectJDKLog [restartedMain] Initializing Spring embedded WebApplicationContext
2021-09-08 23:05:49,207 INFO com.zaxxer.hikari.HikariDataSource [restartedMain] HikariPool-1 - Starting...
2021-09-08 23:05:49,299 INFO com.zaxxer.hikari.HikariDataSource [restartedMain] HikariPool-1 - Start completed.
2021-09-08 23:05:49,504 INFO org.hibernate.jpa.internal.util.LogHelper [restartedMain] HHH000204: Processing PersistenceUnitInfo [name: default]
2021-09-08 23:05:49,538 INFO org.hibernate.Version [restartedMain] HHH000412: Hibernate ORM core version 5.4.32.Final
2021-09-08 23:05:49,628 INFO org.hibernate.annotations.common.reflection.java.JavaReflectionManager [restartedMain] HCANN000001: Hibernate Commons Annotations {5.1.2.Final}
2021-09-08 23:05:49,709 INFO org.hibernate.dialect.Dialect [restartedMain] HHH000400: Using dialect: org.hibernate.dialect.H2Dialect
2021-09-08 23:05:50,387 INFO org.hibernate.engine.transaction.jta.platform.internal.JtaPlatformInitiator [restartedMain] HHH000490: Using JtaPlatform implementation: [org.hibernate.engine.transaction.jta.platform.internal.NoJtaPlatform]
2021-09-08 23:05:51,036 INFO org.apache.juli.logging.DirectJDKLog [restartedMain] Starting ProtocolHandler ["http-nio-8080"]
2021-09-08 23:05:51,067 INFO org.springframework.boot.StartupInfoLogger [restartedMain] Started ShoppingCartJspApplication in 4.106 seconds (JVM running for 5.333)
2021-09-08 23:05:58,038 INFO org.apache.juli.logging.DirectJDKLog [http-nio-8080-exec-1] Initializing Spring DispatcherServlet 'dispatcherServlet'
2021-09-08 23:11:15,644 INFO org.springframework.boot.StartupInfoLogger [restartedMain] Starting ShoppingCartJspApplication using Java 1.8.0_271 on DESKTOP-5SVAMIL with PID 11480 (D:\Kate\LessonsHillel\03\lesson08\shopping-cart-jsp\target\classes started by pc in D:\Kate\LessonsHillel\03\lesson08\shopping-cart-jsp)
2021-09-08 23:11:15,649 DEBUG org.springframework.boot.StartupInfoLogger [restartedMain] Running with Spring Boot v2.5.4, Spring v5.3.9
2021-09-08 23:11:15,649 INFO org.springframework.boot.SpringApplication [restartedMain] The following profiles are active: prod
2021-09-08 23:11:17,096 INFO org.apache.juli.logging.DirectJDKLog [restartedMain] Initializing ProtocolHandler ["http-nio-8080"]
2021-09-08 23:11:17,097 INFO org.apache.juli.logging.DirectJDKLog [restartedMain] Starting service [Tomcat]
2021-09-08 23:11:17,097 INFO org.apache.juli.logging.DirectJDKLog [restartedMain] Starting Servlet engine: [Apache Tomcat/9.0.52]
2021-09-08 23:11:17,399 INFO org.apache.juli.logging.DirectJDKLog [restartedMain] At least one JAR was scanned for TLDs yet contained no TLDs. Enable debug logging for this logger for a complete list of JARs that were scanned but no TLDs were found in them. Skipping unneeded JARs during scanning can improve startup time and JSP compilation time.
2021-09-08 23:11:17,405 INFO org.apache.juli.logging.DirectJDKLog [restartedMain] Initializing Spring embedded WebApplicationContext
2021-09-08 23:11:17,433 INFO com.zaxxer.hikari.HikariDataSource [restartedMain] HikariPool-1 - Starting...
2021-09-08 23:11:17,515 INFO com.zaxxer.hikari.HikariDataSource [restartedMain] HikariPool-1 - Start completed.
2021-09-08 23:11:17,743 INFO org.hibernate.jpa.internal.util.LogHelper [restartedMain] HHH000204: Processing PersistenceUnitInfo [name: default]
2021-09-08 23:11:17,785 INFO org.hibernate.Version [restartedMain] HHH000412: Hibernate ORM core version 5.4.32.Final
2021-09-08 23:11:17,883 INFO org.hibernate.annotations.common.reflection.java.JavaReflectionManager [restartedMain] HCANN000001: Hibernate Commons Annotations {5.1.2.Final}
2021-09-08 23:11:17,988 INFO org.hibernate.dialect.Dialect [restartedMain] HHH000400: Using dialect: org.hibernate.dialect.H2Dialect
2021-09-08 23:11:18,583 INFO org.hibernate.engine.transaction.jta.platform.internal.JtaPlatformInitiator [restartedMain] HHH000490: Using JtaPlatform implementation: [org.hibernate.engine.transaction.jta.platform.internal.NoJtaPlatform]
2021-09-08 23:11:19,379 INFO org.apache.juli.logging.DirectJDKLog [restartedMain] Starting ProtocolHandler ["http-nio-8080"]
2021-09-08 23:11:19,424 INFO org.springframework.boot.StartupInfoLogger [restartedMain] Started ShoppingCartJspApplication in 4.4 seconds (JVM running for 5.649)
2021-09-08 23:11:21,073 INFO org.apache.juli.logging.DirectJDKLog [http-nio-8080-exec-1] Initializing Spring DispatcherServlet 'dispatcherServlet'
2021-09-08 23:13:36,915 INFO org.springframework.boot.StartupInfoLogger [restartedMain] Starting ShoppingCartJspApplication using Java 1.8.0_271 on DESKTOP-5SVAMIL with PID 17460 (D:\Kate\LessonsHillel\03\lesson08\shopping-cart-jsp\target\classes started by pc in D:\Kate\LessonsHillel\03\lesson08\shopping-cart-jsp)
2021-09-08 23:13:36,919 DEBUG org.springframework.boot.StartupInfoLogger [restartedMain] Running with Spring Boot v2.5.4, Spring v5.3.9
2021-09-08 23:13:36,920 INFO org.springframework.boot.SpringApplication [restartedMain] The following profiles are active: prod
2021-09-08 23:13:38,351 INFO org.apache.juli.logging.DirectJDKLog [restartedMain] Initializing ProtocolHandler ["http-nio-8080"]
2021-09-08 23:13:38,352 INFO org.apache.juli.logging.DirectJDKLog [restartedMain] Starting service [Tomcat]
2021-09-08 23:13:38,352 INFO org.apache.juli.logging.DirectJDKLog [restartedMain] Starting Servlet engine: [Apache Tomcat/9.0.52]
2021-09-08 23:13:38,639 INFO org.apache.juli.logging.DirectJDKLog [restartedMain] At least one JAR was scanned for TLDs yet contained no TLDs. Enable debug logging for this logger for a complete list of JARs that were scanned but no TLDs were found in them. Skipping unneeded JARs during scanning can improve startup time and JSP compilation time.
2021-09-08 23:13:38,647 INFO org.apache.juli.logging.DirectJDKLog [restartedMain] Initializing Spring embedded WebApplicationContext
2021-09-08 23:13:38,677 INFO com.zaxxer.hikari.HikariDataSource [restartedMain] HikariPool-1 - Starting...
2021-09-08 23:13:38,765 INFO com.zaxxer.hikari.HikariDataSource [restartedMain] HikariPool-1 - Start completed.
2021-09-08 23:13:38,986 INFO org.hibernate.jpa.internal.util.LogHelper [restartedMain] HHH000204: Processing PersistenceUnitInfo [name: default]
2021-09-08 23:13:39,025 INFO org.hibernate.Version [restartedMain] HHH000412: Hibernate ORM core version 5.4.32.Final
2021-09-08 23:13:39,122 INFO org.hibernate.annotations.common.reflection.java.JavaReflectionManager [restartedMain] HCANN000001: Hibernate Commons Annotations {5.1.2.Final}
2021-09-08 23:13:39,210 INFO org.hibernate.dialect.Dialect [restartedMain] HHH000400: Using dialect: org.hibernate.dialect.H2Dialect
2021-09-08 23:13:39,757 INFO org.hibernate.engine.transaction.jta.platform.internal.JtaPlatformInitiator [restartedMain] HHH000490: Using JtaPlatform implementation: [org.hibernate.engine.transaction.jta.platform.internal.NoJtaPlatform]
2021-09-08 23:13:40,380 INFO org.apache.juli.logging.DirectJDKLog [restartedMain] Starting ProtocolHandler ["http-nio-8080"]
2021-09-08 23:13:40,411 INFO org.springframework.boot.StartupInfoLogger [restartedMain] Started ShoppingCartJspApplication in 4.13 seconds (JVM running for 5.448)
2021-09-08 23:13:48,983 INFO org.apache.juli.logging.DirectJDKLog [http-nio-8080-exec-1] Initializing Spring DispatcherServlet 'dispatcherServlet'
